        -:    0:Source:D:/Programming/C/Calculator-in-C/calculator.c
        -:    0:Graph:D:\Programming\C\Calculator-in-C\cmake-build-debug-coverage\CMakeFiles\Calculator_in_C.dir\calculator.c.gcno
        -:    0:Data:D:\Programming\C\Calculator-in-C\cmake-build-debug-coverage\CMakeFiles\Calculator_in_C.dir\calculator.c.gcda
        -:    0:Runs:1
        -:    1:#include<stdio.h>
        -:    2:
        -:    3:int peekchar(void); //signature
        -:    4:
function main called 1 returned 100% blocks executed 100%
        1:    5:int main()
        -:    6:{
        -:    7:    char ch;
        1:    8:    ch = peekchar();
        1:    8-block  0
call    0 returned 1
        1:    9:    printf("%c", ch);
call    0 returned 1
        -:   10:
        -:   11:}
        -:   12:
function peekchar called 1 returned 100% blocks executed 100%
        1:   13:int peekchar(void) //semantic
        -:   14:{
        1:   15:    int c = getchar();
        1:   15-block  0
call    0 returned 1
        1:   16:    if (c != EOF) ungetc(c, stdin);  /* puts it back */
branch  0 taken 1 (fallthrough)
branch  1 taken 0
        1:   16-block  0
call    2 returned 1
call    3 returned 1
        1:   17:    return c;
        1:   17-block  0
        -:   18:}
        -:   19:
