        -:    0:Source:D:/Programming/C/Calculator-in-C/calculator.c
        -:    0:Graph:D:\Programming\C\Calculator-in-C\cmake-build-debug-coverage\CMakeFiles\Calculator_in_C.dir\calculator.c.gcno
        -:    0:Data:D:\Programming\C\Calculator-in-C\cmake-build-debug-coverage\CMakeFiles\Calculator_in_C.dir\calculator.c.gcda
        -:    0:Runs:1
        -:    0:Source is newer than graph
        -:    1:#include<stdio.h>
        -:    2:#include <stek_c.c>
        -:    3:
        -:    4:
        -:    5:int peekchar(void); //signature cin.peek() in C++
        -:    6:
        -:    7:
function main called 1 returned 0% blocks executed 50%
        1:    8:int main()
        -:    9:{
        -:   10:    char ch;
       1*:   11:    ch = peekchar();
        1:   11-block  0
call    0 returned 0
    #####:   12:    printf("%c", ch);
call    0 never executed
        -:   13:
        -:   14:    Stack_new stack;
        -:   15:    push(&stack, 3);
        -:   16:
        -:   17:
        -:   18:}
        -:   19:
function peekchar called 1 returned 0% blocks executed 33%
        1:   20:
        -:   21:
        1:   22:int peekchar(void) //semantic
        1:   22-block  0
call    0 returned 0
    #####:   23:{
branch  0 never executed
branch  1 never executed
    %%%%%:   23-block  0
call    2 never executed
call    3 never executed
    #####:   24:    int c = getchar();
    %%%%%:   24-block  0
        -:   25:    if (c != EOF) ungetc(c, stdin);  /* puts it back */
        -:   26:    return c;
        -:   27:}
        -:   28:
